
"C:/lscc/radiant/2024.1/tcltk/windows/bin/tclsh" "Lab_1_impl_1_synthesize.tcl"

synthesis -f Lab_1_impl_1_lattice.synproj -logfile Lab_1_impl_1_lattice.srp
synthesis:  version Radiant Software (64-bit) 2024.1.0.34.2

Copyright (c) 1991-1994 by NeoCAD Inc. All rights reserved.
Copyright (c) 1995 AT&T Corp.   All rights reserved.
Copyright (c) 1995-2001 Lucent Technologies Inc.  All rights reserved.
Copyright (c) 2001 Agere Systems   All rights reserved.
Copyright (c) 2002-2024 Lattice Semiconductor Corporation,  All rights reserved.
Tue Sep  3 17:27:33 2024


Command Line:  C:\lscc\radiant\2024.1\ispfpga\bin\nt64\synthesis.exe -f Lab_1_impl_1_lattice.synproj -logfile Lab_1_impl_1_lattice.srp -gui -msgset C:/Users/hheathwood/Desktop/Henry_MicroPs/lab1/Lab_1/promote.xml 

INFO <35002000> - synthesis: Lattice Synthesis Engine Launched.
The -top option is not used.
Synthesis options:
The -a option is iCE40UP.
The -t option is SG48.
The -sp option is High-Performance_1.2V.
The -p option is iCE40UP5K.
                                                          


##########################################################


### Lattice Family     : iCE40UP


### Device             : iCE40UP5K


### Package            : SG48


### Performance Grade  : High-Performance_1.2V


                                                         


INFO <35001786> - User-Selected Strategy Settings
Optimization goal = Area
Target frequency = 200.000000 MHz.
Maximum fanout = 1000.
Timing path count = 3 (default)
RWCheckOnRam = 0

BRAM utilization = 100.000000 %
DSP usage = true
DSP utilization = 100.000000 %
fsm_encoding_style = auto
resolve_mixed_drivers = 0
fix_gated_clocks = 1


Mux style = auto (Default)
Use Carry Chain = true
carry_chain_length = 0
Loop Limit = 1950.
Use IO Insertion = TRUE
Use IO Reg = AUTO

Resource Sharing = TRUE
Propagate Constants = TRUE
Remove Duplicate Registers = TRUE
Output HDL file name = Lab_1_impl_1.vm.
ROM style = auto
RAM style = auto
The -comp option is FALSE.
The -syn option is FALSE.
-path C:/Users/hheathwood/Desktop/Henry_MicroPs/lab1/Lab_1 (searchpath added)
-path C:/Users/hheathwood/Desktop/Henry_MicroPs/lab1/Lab_1/impl_1 (searchpath added)
-path C:/lscc/radiant/2024.1/ispfpga/ice40tp/data (searchpath added)
Mixed language design
CRITICAL <35001476> - A top-level module has not been specified for the mixed language design.
Verilog design file = C:/lscc/radiant/2024.1/ip/pmi/pmi_iCE40UP.v
Verilog design file = C:/Users/hheathwood/Desktop/Henry_MicroPs/lab1/Lab_1/source/impl_1/lab1_xx.sv
Verilog design file = C:/Users/hheathwood/Desktop/Henry_MicroPs/lab1/Lab_1/source/impl_1/lab1_7segment_decoder.sv
VHDL library = pmi
VHDL design file = C:/lscc/radiant/2024.1/ip/pmi/pmi_iCE40UP.vhd
The -r option is OFF. [ Remove LOC Properties is OFF. ]
WARNING <35935050> - input port TRIM9 is not connected on this instance. VDB-5050
WARNING <35935050> - input port TRIM8 is not connected on this instance. VDB-5050
WARNING <35935050> - input port TRIM7 is not connected on this instance. VDB-5050
WARNING <35935050> - input port TRIM6 is not connected on this instance. VDB-5050
WARNING <35935050> - input port TRIM5 is not connected on this instance. VDB-5050
WARNING <35935050> - input port TRIM4 is not connected on this instance. VDB-5050
WARNING <35935050> - input port TRIM3 is not connected on this instance. VDB-5050
WARNING <35935050> - input port TRIM2 is not connected on this instance. VDB-5050
WARNING <35935050> - input port TRIM1 is not connected on this instance. VDB-5050
WARNING <35935050> - input port TRIM0 is not connected on this instance. VDB-5050
WARNING <35935050> - input port I is not connected on this instance. VDB-5050
Compile design.
Compile Design Begin
Analyzing Verilog file c:/lscc/radiant/2024.1/ip/pmi/pmi_ice40up.v. VERI-1482
INFO <35901328> - c:/lscc/radiant/2024.1/ip/pmi/pmi_ice40up.v(1): analyzing included file c:/lscc/radiant/2024.1/ip/pmi/pmi_addsub.v. VERI-1328
INFO <35901328> - c:/lscc/radiant/2024.1/ip/pmi/pmi_addsub.v(40): analyzing included file c:/lscc/radiant/2024.1/ip/pmi/../common/adder_subtractor/rtl/lscc_add_sub.v. VERI-1328
INFO <35901328> - c:/lscc/radiant/2024.1/ip/pmi/pmi_ice40up.v(2): analyzing included file c:/lscc/radiant/2024.1/ip/pmi/pmi_add.v. VERI-1328
INFO <35901328> - c:/lscc/radiant/2024.1/ip/pmi/pmi_add.v(50): analyzing included file c:/lscc/radiant/2024.1/ip/pmi/../common/adder/rtl/lscc_adder.v. VERI-1328
INFO <35901328> - c:/lscc/radiant/2024.1/ip/pmi/pmi_ice40up.v(3): analyzing included file c:/lscc/radiant/2024.1/ip/pmi/pmi_complex_mult.v. VERI-1328
INFO <35901328> - c:/lscc/radiant/2024.1/ip/pmi/pmi_complex_mult.v(52): analyzing included file c:/lscc/radiant/2024.1/ip/pmi/../common/complex_mult/rtl/lscc_complex_mult.v. VERI-1328
INFO <35901328> - c:/lscc/radiant/2024.1/ip/pmi/pmi_ice40up.v(4): analyzing included file c:/lscc/radiant/2024.1/ip/pmi/pmi_counter.v. VERI-1328
INFO <35901328> - c:/lscc/radiant/2024.1/ip/pmi/pmi_counter.v(39): analyzing included file c:/lscc/radiant/2024.1/ip/pmi/../common/counter/rtl/lscc_cntr.v. VERI-1328
INFO <35901328> - c:/lscc/radiant/2024.1/ip/pmi/pmi_ice40up.v(5): analyzing included file c:/lscc/radiant/2024.1/ip/pmi/pmi_fifo.v. VERI-1328
INFO <35901328> - c:/lscc/radiant/2024.1/ip/pmi/pmi_fifo.v(44): analyzing included file c:/lscc/radiant/2024.1/ip/pmi/../common/fifo/rtl/lscc_fifo.v. VERI-1328
INFO <35901328> - c:/lscc/radiant/2024.1/ip/pmi/pmi_ice40up.v(6): analyzing included file c:/lscc/radiant/2024.1/ip/pmi/pmi_fifo_dc.v. VERI-1328
INFO <35901328> - c:/lscc/radiant/2024.1/ip/pmi/pmi_fifo_dc.v(47): analyzing included file c:/lscc/radiant/2024.1/ip/pmi/../common/fifo_dc/rtl/lscc_fifo_dc.v. VERI-1328
INFO <35901328> - c:/lscc/radiant/2024.1/ip/pmi/pmi_ice40up.v(7): analyzing included file c:/lscc/radiant/2024.1/ip/pmi/pmi_mac.v. VERI-1328
INFO <35901328> - c:/lscc/radiant/2024.1/ip/pmi/pmi_mac.v(52): analyzing included file c:/lscc/radiant/2024.1/ip/pmi/../common/mult_accumulate/rtl/lscc_mult_accumulate.v. VERI-1328
INFO <35901328> - c:/lscc/radiant/2024.1/ip/pmi/pmi_ice40up.v(8): analyzing included file c:/lscc/radiant/2024.1/ip/pmi/pmi_multaddsubsum.v. VERI-1328
INFO <35901328> - c:/lscc/radiant/2024.1/ip/pmi/pmi_multaddsubsum.v(53): analyzing included file c:/lscc/radiant/2024.1/ip/pmi/../common/mult_add_sub_sum/rtl/lscc_mult_add_sub_sum.v. VERI-1328
INFO <35901328> - c:/lscc/radiant/2024.1/ip/pmi/pmi_ice40up.v(9): analyzing included file c:/lscc/radiant/2024.1/ip/pmi/pmi_multaddsub.v. VERI-1328
INFO <35901328> - c:/lscc/radiant/2024.1/ip/pmi/pmi_multaddsub.v(52): analyzing included file c:/lscc/radiant/2024.1/ip/pmi/../common/mult_add_sub/rtl/lscc_mult_add_sub.v. VERI-1328
INFO <35901328> - c:/lscc/radiant/2024.1/ip/pmi/pmi_ice40up.v(10): analyzing included file c:/lscc/radiant/2024.1/ip/pmi/pmi_mult.v. VERI-1328
INFO <35901328> - c:/lscc/radiant/2024.1/ip/pmi/pmi_mult.v(51): analyzing included file c:/lscc/radiant/2024.1/ip/pmi/../common/multiplier/rtl/lscc_multiplier.v. VERI-1328
INFO <35901328> - c:/lscc/radiant/2024.1/ip/pmi/pmi_ice40up.v(11): analyzing included file c:/lscc/radiant/2024.1/ip/pmi/pmi_ram_dp.v. VERI-1328
INFO <35901328> - c:/lscc/radiant/2024.1/ip/pmi/pmi_ram_dp.v(48): analyzing included file c:/lscc/radiant/2024.1/ip/pmi/../common/ram_dp/rtl/lscc_ram_dp.v. VERI-1328
INFO <35901328> - c:/lscc/radiant/2024.1/ip/pmi/pmi_ice40up.v(12): analyzing included file c:/lscc/radiant/2024.1/ip/pmi/pmi_ram_dq.v. VERI-1328
INFO <35901328> - c:/lscc/radiant/2024.1/ip/pmi/pmi_ram_dq.v(45): analyzing included file c:/lscc/radiant/2024.1/ip/pmi/../common/ram_dq/rtl/lscc_ram_dq.v. VERI-1328
INFO <35901328> - c:/lscc/radiant/2024.1/ip/pmi/pmi_ice40up.v(13): analyzing included file c:/lscc/radiant/2024.1/ip/pmi/pmi_rom.v. VERI-1328
INFO <35901328> - c:/lscc/radiant/2024.1/ip/pmi/pmi_rom.v(45): analyzing included file c:/lscc/radiant/2024.1/ip/pmi/../common/rom/rtl/lscc_rom.v. VERI-1328
INFO <35901328> - c:/lscc/radiant/2024.1/ip/pmi/pmi_ice40up.v(14): analyzing included file c:/lscc/radiant/2024.1/ip/pmi/pmi_sub.v. VERI-1328
INFO <35901328> - c:/lscc/radiant/2024.1/ip/pmi/pmi_sub.v(50): analyzing included file c:/lscc/radiant/2024.1/ip/pmi/../common/subtractor/rtl/lscc_subtractor.v. VERI-1328
INFO <35901328> - c:/lscc/radiant/2024.1/ip/pmi/pmi_ice40up.v(15): analyzing included file c:/lscc/radiant/2024.1/ip/pmi/pmi_ram_dp_be.v. VERI-1328
INFO <35901328> - c:/lscc/radiant/2024.1/ip/pmi/pmi_ram_dp_be.v(49): analyzing included file c:/lscc/radiant/2024.1/ip/pmi/../common/ram_dp/rtl/lscc_ram_dp.v. VERI-1328
INFO <35901328> - c:/lscc/radiant/2024.1/ip/pmi/pmi_ice40up.v(16): analyzing included file c:/lscc/radiant/2024.1/ip/pmi/pmi_ram_dq_be.v. VERI-1328
INFO <35901328> - c:/lscc/radiant/2024.1/ip/pmi/pmi_ram_dq_be.v(45): analyzing included file c:/lscc/radiant/2024.1/ip/pmi/../common/ram_dq/rtl/lscc_ram_dq.v. VERI-1328
INFO <35901328> - c:/lscc/radiant/2024.1/ip/pmi/pmi_ice40up.v(17): analyzing included file c:/lscc/radiant/2024.1/ip/pmi/pmi_dsp.v. VERI-1328
Analyzing Verilog file c:/users/hheathwood/desktop/henry_microps/lab1/lab_1/source/impl_1/lab1_xx.sv. VERI-1482
Analyzing Verilog file c:/users/hheathwood/desktop/henry_microps/lab1/lab_1/source/impl_1/lab1_7segment_decoder.sv. VERI-1482
Analyzing VHDL file c:/lscc/radiant/2024.1/ip/pmi/pmi_ice40up.vhd. VHDL-1481
Analyzing VHDL file c:/lscc/radiant/2024.1/ip/pmi/pmi_ice40up.vhd

INFO <35921014> - c:/lscc/radiant/2024.1/ip/pmi/pmi_ice40up.vhd(4): analyzing package components. VHDL-1014
WARNING <35001200> - Setting seven_segment_decoder as the top-level module. To specify the top-level module explicitly, go to View->Set Views->Hierarchy or Project->Active Implementation->Set Top-Level Unit.
INFO <35921504> - The default VHDL library search path is now "C:/Users/hheathwood/Desktop/Henry_MicroPs/lab1/Lab_1/impl_1". VHDL-1504
Top module language type = Verilog.
Top module name (Verilog, mixed language): seven_segment_decoder
INFO <35901018> - c:/users/hheathwood/desktop/henry_microps/lab1/lab_1/source/impl_1/lab1_7segment_decoder.sv(6): compiling module seven_segment_decoder. VERI-1018
                                                         


### Number of Logic Cells: 5280


### Number of RAM Blocks: 30


### Number of DSP Blocks: 8


### Number of PLLs: 1


### Number of IO Pins: 56


##########################################################


                                                         






################### Begin Area Report (seven_segment_decoder)######################
Number of register bits => 0 of 5280 (0 % )
IB => 4
LUT4 => 7
OB => 7
################### End Area Report ##################
Number of odd-length carry chains : 0
Number of even-length carry chains : 0

################### Begin Clock Report ######################
Clock Nets
Number of Clocks: 0
Clock Enable Nets
Number of Clock Enables: 0
Highest fanout non-clock nets
Top 10 highest fanout non-clock nets:
  Net : data_c_3, loads : 7
  Net : data_c_2, loads : 7
  Net : data_c_1, loads : 7
  Net : data_c_0, loads : 7
  Net : seg_c_6, loads : 1
  Net : seg_c_5, loads : 1
  Net : seg_c_4, loads : 1
  Net : seg_c_3, loads : 1
  Net : seg_c_2, loads : 1
  Net : seg_c_1, loads : 1
################### End Clock Report ##################

################### Begin Constraint Report ######################
Constraint Summary:
  Total number of constraints: 0
  Total number of constraints dropped: 0
###################  End Constraint Report  ######################

################### Begin DRC Report ######################
Total number of design rule violations: 0
###################  End DRC Report  ######################

Peak Memory Usage: 89 MB

--------------------------------------------------------------
Total CPU Time: 1 secs 
Total REAL Time: 2 secs 
--------------------------------------------------------------
Checksum -- synthesis -- netlist: 78fffe023e4a51874186d3fcdde4550c7422b35c



postsyn -a iCE40UP -p iCE40UP5K -t SG48 -sp High-Performance_1.2V -oc Industrial -top -w -o Lab_1_impl_1_syn.udb Lab_1_impl_1.vm
POSTSYN: Post Synthesis Process Radiant Software (64-bit) 2024.1.0.34.2
Command Line: postsyn -a iCE40UP -p iCE40UP5K -t SG48 -sp High-Performance_1.2V -oc Industrial -top -w -o Lab_1_impl_1_syn.udb -gui -msgset C:/Users/hheathwood/Desktop/Henry_MicroPs/lab1/Lab_1/promote.xml Lab_1_impl_1.vm 
   Architecture:     iCE40UP
   Device:           iCE40UP5K
   Package:          SG48
   Performance:      High-Performance_1.2V
Reading input file 'Lab_1_impl_1.vm' ...
CPU Time to convert: 0.046875
REAL Time to convert: 0
convert PEAK Memory Usage: 30 MB
convert CURRENT Memory Usage: 30 MB
Removing unused logic ...
Starting design annotation....
 
Constraint Summary:
   Total number of constraints: 0
   Total number of constraints dropped: 0
 
Writing output file 'Lab_1_impl_1_syn.udb'.
POSTSYN finished successfully.
Total CPU Time: 0 secs 
Total REAL Time: 0 secs 
Peak Memory Usage: 36 MB
Checksum -- postsyn: a7417be87d1c38d4a063c065c276c9f4c4790f6a



pnmainc -log pnmain "Lab_1_impl_1_map.tcl"
map:  version Radiant Software (64-bit) 2024.1.0.34.2

Copyright (c) 1991-1994 by NeoCAD Inc. All rights reserved.
Copyright (c) 1995 AT&T Corp.   All rights reserved.
Copyright (c) 1995-2001 Lucent Technologies Inc.  All rights reserved.
Copyright (c) 2001 Agere Systems   All rights reserved.
Copyright (c) 2002-2024 Lattice Semiconductor Corporation,  All rights reserved.

Command line:   map -i Lab_1_impl_1_syn.udb -o Lab_1_impl_1_map.udb -mp Lab_1_impl_1.mrp -hierrpt -gui -msgset C:/Users/hheathwood/Desktop/Henry_MicroPs/lab1/Lab_1/promote.xml 

Loading device for application GENERIC from file 'itpa08.nph' in environment: C:/lscc/radiant/2024.1/ispfpga.
Package Status:                     Preliminary    Version 1.5.



Design:  seven_segment_decoder
Family:  iCE40UP
Device:  iCE40UP5K
Package: SG48
Performance Grade:  High-Performance_1.2V

Running general design DRC...




Design Summary:
   Number of slice registers:   0 out of  5280 (0%)
   Number of I/O registers:      0 out of   117 (0%)
   Number of LUT4s:             7 out of  5280 (<1%)
      Number of logic LUT4s:               7
      Number of ripple logic:              0 (0 LUT4s)
   Number of IO sites used:   11 out of 39 (28%)
      Number of IO sites used for general PIO: 11
      Number of IO sites used for I3C: 0 out of 2 (0%)
      (note: If I3C is not used, its site can be used as general PIO)
      Number of IO sites used for PIO+I3C: 11 out of 36 (31%)
      Number of IO sites used for OD+RGB IO buffers: 0 out of 3 (0%)
      (note: If RGB LED drivers are not used, sites can be used as OD outputs,
       see TN1288 iCE40 LED Driver Usage Guide)
      Number of IO sites used for PIO+I3C+OD+RGB: 11 out of 39 (28%)
   Number of DSPs:             0 out of 8 (0%)
   Number of I2Cs:             0 out of 2 (0%)
   Number of High Speed OSCs:  0 out of 1 (0%)
   Number of Low Speed OSCs:   0 out of 1 (0%)
   Number of RGB PWM:          0 out of 1 (0%)
   Number of RGB Drivers:      0 out of 1 (0%)
   Number of SCL FILTERs:      0 out of 2 (0%)
   Number of SRAMs:            0 out of 4 (0%)
   Number of WARMBOOTs:        0 out of 1 (0%)
   Number of SPIs:             0 out of 2 (0%)
   Number of EBRs:             0 out of 30 (0%)
   Number of PLLs:             0 out of 1 (0%)
   Number of Clocks:  0
   Number of Clock Enables:  0
   Number of LSRs:  0
   Top 10 highest fanout non-clock nets:
      Net data_c_0: 7 loads
      Net data_c_1: 7 loads
      Net data_c_2: 7 loads
      Net data_c_3: 7 loads
      Net seg_c_0: 1 loads
      Net seg_c_2: 1 loads
      Net seg_c_3: 1 loads
      Net seg_c_4: 1 loads
      Net seg_c_5: 1 loads
      Net seg_c_6: 1 loads
Running physical design DRC...

 


   Number of warnings:  0
   Number of criticals: 0
   Number of errors:    0

Constraint Summary:
   Total number of constraints: 0
   Total number of constraints dropped: 0


Total CPU Time: 0 secs  
Total REAL Time: 0 secs  
Peak Memory Usage: 58 MB

Checksum -- map: 6950e557d2ea708d90bfffddbe0687a2bbf5b2c
Thank you for using Radiant. Total CPU/Elapsed time: 0 secs /0 secs 

pnmainc -log pnmain "Lab_1_impl_1_par.tcl"

Lattice Place and Route Report for Design "Lab_1_impl_1_map.udb"
Tue Sep  3 17:27:42 2024

PAR: Place And Route Radiant Software (64-bit) 2024.1.0.34.2.
Command Line: par -w -t 1 -cores 1 -hsp m -exp parPathBased=ON \
	Lab_1_impl_1_map.udb Lab_1_impl_1_par.dir/5_1.udb 

Loading Lab_1_impl_1_map.udb ...
Loading device for application GENERIC from file 'itpa08.nph' in environment: C:/lscc/radiant/2024.1/ispfpga.
Package Status:                     Preliminary    Version 1.5.
Performance Hardware Data Status:   Advanced       Version 1.0.



Design:  seven_segment_decoder
Family:  iCE40UP
Device:  iCE40UP5K
Package: SG48
Performance Grade:   High-Performance_1.2V

Constraint Summary
   Total number of constraints: 0
   Total number of constraints dropped: 0

Number of Signals: 11
Number of Connections: 35
Device utilization summary:

   SLICE (est.)       4/2640         <1% used
     LUT              7/5280         <1% used
     REG              0/5280          0% used
   PIO               11/56           20% used
                     11/36           30% bonded
   IOLOGIC            0/56            0% used
   DSP                0/8             0% used
   I2C                0/2             0% used
   HFOSC              0/1             0% used
   LFOSC              0/1             0% used
   LEDDA_IP           0/1             0% used
   RGBA_DRV           0/1             0% used
   FILTER             0/2             0% used
   SRAM               0/4             0% used
   WARMBOOT           0/1             0% used
   SPI                0/2             0% used
   EBR                0/30            0% used
   PLL                0/1             0% used
   RGBOUTBUF          0/3             0% used
   I3C                0/2             0% used
   OPENDRAIN          0/3             0% used

Pin Constraint Summary:
   0 out of 11 pins locked (0% locked).
.
...........
Finished Placer Phase 0 (HIER). CPU time: 0 secs , REAL time: 0 secs 


................
Finished Placer Phase 0 (AP).  CPU time: 0 secs , REAL time: 0 secs 

Starting Placer Phase 1. CPU time: 0 secs , REAL time: 0 secs 
..  ..
....................

Placer score = 2576.

Device SLICE utilization summary after final SLICE packing:
   SLICE              4/2640         <1% used

Finished Placer Phase 1. CPU time: 2 secs , REAL time: 3 secs 

Starting Placer Phase 2.
.

Placer score =  5152
Finished Placer Phase 2.  CPU time: 2 secs , REAL time: 3 secs 


------------------ Clock Report ------------------

Global Clocks :

  PRIMARY  : 0 out of 8 (0%)

--------------- End of Clock Report ---------------


I/O Usage Summary (final):
   11 out of 56 (19.6%) I/O sites used.
   11 out of 36 (30.6%) bonded I/O sites used.
   Number of I/O components: 11; differential: 0
   Number of Vref pins used: 0

I/O Bank Usage Summary:
+----------+----------------+------------+------------+------------+
| I/O Bank | Usage          | Bank Vccio | Bank Vref1 | Bank Vref2 |
+----------+----------------+------------+------------+------------+
| 0        | 0 / 14 (  0%)  | OFF        |            |            |
| 1        | 11 / 14 ( 78%) | 3.3V       |            |            |
| 2        | 0 / 8 (  0%)   | OFF        |            |            |
+----------+----------------+------------+------------+------------+

Total Placer CPU time: 2 secs , REAL time: 3 secs 


Checksum -- place: ecc850a49e4d86ccdc5a45e9a51bec5b564138dd
Writing design to file Lab_1_impl_1_par.dir/5_1.udb ...


-----------------------------------------------------------------
INFO - par: ASE feature is off due to non timing-driven settings.  
-----------------------------------------------------------------


Start NBR router at 17:27:45 09/03/24

*****************************************************************
Info: NBR allows conflicts(one node used by more than one signal)
      in the earlier iterations. In each iteration, it tries to  
      solve the conflicts while keeping the critical connections 
      routed as short as possible. The routing process is said to
      be completed when no conflicts exist and all connections   
      are routed.                                                
Note: NBR uses a different method to calculate timing slacks. The
      worst slack and total negative slack may not be the same as
      that in timing report. You should always run the timing    
      tool to verify your design.                                
*****************************************************************

Starting routing resource preassignment
Preassignment Summary:
--------------------------------------------------------------------------------
0 connections routed (of 35 total) (0.00%)
--------------------------------------------------------------------------------
Completed routing resource preassignment
                
Start NBR section for initial routing at 17:27:46 09/03/24
Level 4, iteration 1
+++++++++++++++++++++++++++++++++++++++++++++++++++++++++++++++++++
Routing in Serial Mode ......
+++++++++++++++++++++++++++++++++++++++++++++++++++++++++++++++++++
        1(0.00%) conflict; 0(0.00%) untouched conn; 0 (nbr) score; real time: 0 secs 

Info: Initial congestion level at 75.00% usage is 0
Info: Initial congestion area  at 75.00% usage is 0 (0.00%)

Start NBR section for normal routing at 17:27:46 09/03/24
Level 4, iteration 1
        1(0.00%) conflict; 0(0.00%) untouched conn; 0 (nbr) score; real time: 0 secs 
Level 4, iteration 2
        1(0.00%) conflict; 0(0.00%) untouched conn; 0 (nbr) score; real time: 0 secs 
Level 4, iteration 3
        0(0.00%) conflict; 0(0.00%) untouched conn; 0 (nbr) score; real time: 0 secs 

Start NBR section for post-routing at 17:27:46 09/03/24

End NBR router with 0 unrouted connection(s)

Checksum -- route: 6b4f35a6555a9ea3e82cb6206ab0b586ece725b4

Total CPU time 0 secs 
Total REAL time: 0 secs 
Completely routed.
End of route.  35 routed (100.00%); 0 unrouted.

Writing design to file Lab_1_impl_1_par.dir/5_1.udb ...


PAR_SUMMARY::Run status = Completed
PAR_SUMMARY::Number of unrouted conns = 0
PAR_SUMMARY::Estimated worst slack<setup/<ns>> = <n/a>
PAR_SUMMARY::Timing score<setup/<ns>> = <n/a>
PAR_SUMMARY::Estimated worst slack<hold/<ns>> = <n/a>
PAR_SUMMARY::Timing score<hold/<ns>> = <n/a>
PAR_SUMMARY::Number of errors = 0

Note: user must run 'timing' for timing closure signoff.

Total CPU  Time: 3 secs 
Total REAL Time: 4 secs 
Peak Memory Usage: 102.23 MB


par done!

Copyright (c) 1991-1994 by NeoCAD Inc. All rights reserved.
Copyright (c) 1995 AT&T Corp.   All rights reserved.
Copyright (c) 1995-2001 Lucent Technologies Inc.  All rights reserved.
Copyright (c) 2001 Agere Systems   All rights reserved.
Copyright (c) 2002-2024 Lattice Semiconductor Corporation,  All rights reserved.
Thank you for using Radiant. Total CPU/Elapsed time: 0 secs /4 secs 

timing -sethld -v 10 -u 10 -endpoints 10 -nperend 1 -sp High-Performance_1.2V -hsp m   -pwrprd -html -rpt "Lab_1_impl_1.twr" "Lab_1_impl_1.udb" 
timing -sethld -v 10 -u 10 -endpoints 10 -nperend 1 -sp High-Performance_1.2V -hsp m -pwrprd -html -rpt Lab_1_impl_1.twr Lab_1_impl_1.udb -gui -msgset C:/Users/hheathwood/Desktop/Henry_MicroPs/lab1/Lab_1/promote.xml
Starting design reading...
Loading device for application GENERIC from file 'itpa08.nph' in environment: C:/lscc/radiant/2024.1/ispfpga.
Package Status:                     Preliminary    Version 1.5.
Performance Hardware Data Status:   Advanced       Version 1.0.
Loading udb::Database ...
Design:  seven_segment_decoder
Family:  iCE40UP
Device:  iCE40UP5K
Package: SG48
Performance Grade:   High-Performance_1.2V



Successfully loading udb, 0.03 seconds

Initializing timer
Starting design annotation....
High-Performance_1.2V

Starting full timing analysis...
Performance Hardware Data Status:   Advanced       Version 1.0.
Connections ignored  0  counted  42  covered  0
Changing speed to m;   changing temperature to -40

STA Runtime and Peak Memory Usage :
Total CPU Time: 0 secs 
Total REAL Time: 0 secs 
Peak Memory Usage: 94 MB

 0.529376s wall, 0.390625s user + 0.109375s system = 0.500000s CPU (94.5%)


tmcheck -par "Lab_1_impl_1.par"  

pnmainc -log pnmain "Lab_1_impl_1_bit.tcl"
Loading Lab_1_impl_1.udb ...
Loading device for application GENERIC from file 'itpa08.nph' in environment: C:/lscc/radiant/2024.1/ispfpga.
Package Status:                     Preliminary    Version 1.5.
Performance Hardware Data Status:   Advanced       Version 1.0.



Design:  seven_segment_decoder
Family:  iCE40UP
Device:  iCE40UP5K
Package: SG48
Performance Grade:   High-Performance_1.2V

Constraint Summary
   Total number of constraints: 0
   Total number of constraints dropped: 0

Successfully loading design udb and device data from disks and to up-layer in CPU time: 0 secs , REAL time: 0 secs 



BITGEN: Bitstream Generator Radiant Software (64-bit) 2024.1.0.34.2
Copyright (c) 1991-1994 by NeoCAD Inc. All rights reserved.
Copyright (c) 1995 AT&T Corp.   All rights reserved.
Copyright (c) 1995-2001 Lucent Technologies Inc.  All rights reserved.
Copyright (c) 2001 Agere Systems   All rights reserved.
Copyright (c) 2002-2024 Lattice Semiconductor Corporation,  All rights reserved.


Running DRC.
DRC detected 0 errors and 0 warnings.

Preference Summary:
+---------------------------------+---------------------------------+
|  Preference                     |  Current Setting                |
+---------------------------------+---------------------------------+
 *  Default setting.
 ** The specified setting matches the default setting.


Creating bit map...
Saving bit stream in "C:/Users/hheathwood/Desktop/Henry_MicroPs/lab1/Lab_1/impl_1/Lab_1_impl_1.bin".
INFO <1081100> - Bitstream authenticated.
Bitstream generation complete!

Total CPU Time: 0 secs 
Total REAL Time: 4 secs 
Peak Memory Usage: 110 MB

Thank you for using Radiant. Total CPU/Elapsed time: 0 secs /4 secs 
