
                         Lattice Mapping Report File

Design:  seven_segment_decoder
Family:  iCE40UP
Device:  iCE40UP5K
Package: SG48
Performance Grade:  High-Performance_1.2V

Mapper:    version Radiant Software (64-bit) 2024.1.0.34.2
Mapped on: Tue Sep  3 17:27:39 2024

Design Information
------------------

Command line:   map -i Lab_1_impl_1_syn.udb -o Lab_1_impl_1_map.udb -mp
     Lab_1_impl_1.mrp -hierrpt -gui -msgset
     C:/Users/hheathwood/Desktop/Henry_MicroPs/lab1/Lab_1/promote.xml

Design Summary
--------------

   Number of slice registers:   0 out of  5280 (0%)
   Number of I/O registers:      0 out of   117 (0%)
   Number of LUT4s:             7 out of  5280 (<1%)
      Number of logic LUT4s:               7
      Number of ripple logic:              0 (0 LUT4s)
   Number of IO sites used:   11 out of 39 (28%)
      Number of IO sites used for general PIO: 11
      Number of IO sites used for I3C: 0 out of 2 (0%)
      (note: If I3C is not used, its site can be used as general PIO)
      Number of IO sites used for PIO+I3C: 11 out of 36 (31%)
      Number of IO sites used for OD+RGB IO buffers: 0 out of 3 (0%)
      (note: If RGB LED drivers are not used, sites can be used as OD outputs,
       see TN1288 iCE40 LED Driver Usage Guide)
      Number of IO sites used for PIO+I3C+OD+RGB: 11 out of 39 (28%)
   Number of DSPs:             0 out of 8 (0%)
   Number of I2Cs:             0 out of 2 (0%)
   Number of High Speed OSCs:  0 out of 1 (0%)
   Number of Low Speed OSCs:   0 out of 1 (0%)
   Number of RGB PWM:          0 out of 1 (0%)
   Number of RGB Drivers:      0 out of 1 (0%)
   Number of SCL FILTERs:      0 out of 2 (0%)
   Number of SRAMs:            0 out of 4 (0%)
   Number of WARMBOOTs:        0 out of 1 (0%)
   Number of SPIs:             0 out of 2 (0%)
   Number of EBRs:             0 out of 30 (0%)
   Number of PLLs:             0 out of 1 (0%)
   Number of Clocks:  0
   Number of Clock Enables:  0
   Number of LSRs:  0
   Top 10 highest fanout non-clock nets:
      Net data_c_0: 7 loads
      Net data_c_1: 7 loads
      Net data_c_2: 7 loads
      Net data_c_3: 7 loads
      Net seg_c_0: 1 loads
      Net seg_c_2: 1 loads
      Net seg_c_3: 1 loads
      Net seg_c_4: 1 loads
      Net seg_c_5: 1 loads
      Net seg_c_6: 1 loads

                                    Page 1










   Number of warnings:  0
   Number of criticals: 0
   Number of errors:    0

Design Errors/Criticals/Warnings
--------------------------------

   No error, critical, or warning presents.

IO (PIO) Attributes
-------------------

+---------------------+-----------+-----------+-------+-------+-----------+
| IO Name             | Direction | Levelmode |  IO   |  IO   | Special   |
|                     |           |  IO_TYPE  |  REG  |  DDR  | IO Buffer |
+---------------------+-----------+-----------+-------+-------+-----------+
| data[0]             | INPUT     |           |       |       |           |
+---------------------+-----------+-----------+-------+-------+-----------+
| data[1]             | INPUT     |           |       |       |           |
+---------------------+-----------+-----------+-------+-------+-----------+
| data[2]             | INPUT     |           |       |       |           |
+---------------------+-----------+-----------+-------+-------+-----------+
| data[3]             | INPUT     |           |       |       |           |
+---------------------+-----------+-----------+-------+-------+-----------+
| seg[0]              | OUTPUT    |           |       |       |           |
+---------------------+-----------+-----------+-------+-------+-----------+
| seg[1]              | OUTPUT    |           |       |       |           |
+---------------------+-----------+-----------+-------+-------+-----------+
| seg[2]              | OUTPUT    |           |       |       |           |
+---------------------+-----------+-----------+-------+-------+-----------+
| seg[3]              | OUTPUT    |           |       |       |           |
+---------------------+-----------+-----------+-------+-------+-----------+
| seg[4]              | OUTPUT    |           |       |       |           |
+---------------------+-----------+-----------+-------+-------+-----------+
| seg[5]              | OUTPUT    |           |       |       |           |
+---------------------+-----------+-----------+-------+-------+-----------+
| seg[6]              | OUTPUT    |           |       |       |           |
+---------------------+-----------+-----------+-------+-------+-----------+

Removed logic
-------------

Block seg_pad[0].vhi_inst was optimized away.
Block data_pad[0].vlo_inst was optimized away.

Constraint Summary
------------------

   Total number of constraints: 0
   Total number of constraints dropped: 0

Run Time and Memory Usage
-------------------------

   Total CPU Time: 0 secs

                                    Page 2





Run Time and Memory Usage (cont)
--------------------------------
   Total REAL Time: 0 secs
   Peak Memory Usage: 58 MB
Checksum -- map: 6950e557d2ea708d90bfffddbe0687a2bbf5b2c























































                                    Page 3


Copyright (c) 1991-1994 by NeoCAD Inc. All rights reserved.
Copyright (c) 1995
     AT&T Corp.   All rights reserved.
Copyright (c) 1995-2001 Lucent
     Technologies Inc.  All rights reserved.
Copyright (c) 2001 Agere Systems
     All rights reserved.
Copyright (c) 2002-2024 Lattice Semiconductor
     Corporation,  All rights reserved.
